<?xml version="1.0" encoding="UTF-8"?>
<!-- Generated by org.testng.reporters.JUnitReportReporter -->
<testsuite hostname="DESKTOP-9T08QN7" failures="0" tests="1" name="testCase.TC007_VerifyTestCasesPage" time="37.622" errors="0" timestamp="2025-07-24T23:13:50 IST" skipped="0">
  <testcase classname="testCase.TC007_VerifyTestCasesPage" name="verifyContactUsForm" time="37.622"/>
  <system-out>
    <![CDATA[Navigating to baseURL: http://automationexercise.com
Home Page is displayed successfully
Clicked on 'Test Cases' button,
Verify user is navigated to test cases page successfully]]>
  </system-out>
</testsuite> <!-- testCase.TC007_VerifyTestCasesPage -->
