<?xml version="1.0" encoding="UTF-8"?>
<!-- Generated by org.testng.reporters.JUnitReportReporter -->
<testsuite hostname="DESKTOP-9T08QN7" failures="0" tests="1" name="testCase.TC010_VerifySubscriptionInHomePage" time="36.395" errors="0" timestamp="2025-07-27T17:20:42 IST" skipped="0">
  <testcase classname="testCase.TC010_VerifySubscriptionInHomePage" name="VerifySubscriptionInHomePage" time="36.395"/>
  <system-out>
    <![CDATA[Navigating to baseURL: http://automationexercise.com
Home Page is displayed successfully
Scroll down to footer, Verify text 'SUBSCRIPTION'
Entered email address in input and click arrow button]]>
  </system-out>
</testsuite> <!-- testCase.TC010_VerifySubscriptionInHomePage -->
