<?xml version="1.0" encoding="UTF-8"?>
<!-- Generated by org.testng.reporters.JUnitReportReporter -->
<testsuite hostname="DESKTOP-9T08QN7" failures="0" tests="1" name="testCases.TC025_VerifyScrollUpUsingArrowButtonAndScrollDownFunctionality" time="20.841" errors="0" timestamp="2025-08-13T19:18:09 IST" skipped="0">
  <testcase classname="testCases.TC025_VerifyScrollUpUsingArrowButtonAndScrollDownFunctionality" name="testVerifyScrollUpUsingArrowButtonAndScrollDownFunctionality" time="20.841">
    <system-out>
      <![CDATA[Navigating to baseURL: http://automationexercise.com
Home Page is displayed successfully
Navigate to home page and verified
Verified 'SUBSCRIPTION' is visible
Verified that page is scrolled up and 'Full-Fledged practice website for Automation Engineers' text is visible on screen
]]>
    </system-out>
  </testcase> <!-- testVerifyScrollUpUsingArrowButtonAndScrollDownFunctionality -->
  <system-out>
    <![CDATA[Browser is Launched
Browser Window is maximized 
Navigating to baseURL: http://automationexercise.com
Home Page is displayed successfully
Navigate to home page and verified
Verified 'SUBSCRIPTION' is visible
Verified that page is scrolled up and 'Full-Fledged practice website for Automation Engineers' text is visible on screen
]]>
  </system-out>
</testsuite> <!-- testCases.TC025_VerifyScrollUpUsingArrowButtonAndScrollDownFunctionality -->
