<?xml version="1.0" encoding="UTF-8"?>
<!-- Generated by org.testng.reporters.JUnitReportReporter -->
<testsuite hostname="DESKTOP-9T08QN7" failures="0" tests="1" name="testCase.TC011_VerifySubscriptionInCartPage" time="18.004" errors="0" timestamp="2025-07-27T17:25:44 IST" skipped="0">
  <testcase classname="testCase.TC011_VerifySubscriptionInCartPage" name="_VerifySubscriptionInCartPage" time="18.004"/>
  <system-out>
    <![CDATA[Navigating to baseURL: http://automationexercise.com
Home Page is displayed successfully
 Click 'Cart' button, Scroll down to footer, Verify text 'SUBSCRIPTION'
Entered email address in input and click arrow button
Verified success message 'You have been successfully subscribed!' is visible]]>
  </system-out>
</testsuite> <!-- testCase.TC011_VerifySubscriptionInCartPage -->
