<?xml version="1.0" encoding="UTF-8"?>
<!-- Generated by org.testng.reporters.JUnitReportReporter -->
<testsuite hostname="DESKTOP-9T08QN7" failures="0" tests="1" name="testCases.TC026_VerifyScrollUpWithoutArrowButtonAndScrollDownFunctionality" time="6.813" errors="0" timestamp="2025-08-15T17:03:37 IST" skipped="0">
  <testcase classname="testCases.TC026_VerifyScrollUpWithoutArrowButtonAndScrollDownFunctionality" name="testVerifyScrollUpWithoutArrowButtonAndScrollDownFunctionality" time="6.813">
    <system-out>
      <![CDATA[Navigating to baseURL: http://automationexercise.com
Home Page is displayed successfully
Navigate to home page and verified
Verified 'SUBSCRIPTION' is visible]]>
    </system-out>
  </testcase> <!-- testVerifyScrollUpWithoutArrowButtonAndScrollDownFunctionality -->
  <system-out>
    <![CDATA[Chrome browser is Launched.
Browser Window is maximized.
Navigating to baseURL: http://automationexercise.com
Home Page is displayed successfully
Navigate to home page and verified
Verified 'SUBSCRIPTION' is visible
Browser is closed.
]]>
  </system-out>
</testsuite> <!-- testCases.TC026_VerifyScrollUpWithoutArrowButtonAndScrollDownFunctionality -->
