<?xml version="1.0" encoding="UTF-8"?>
<!-- Generated by org.testng.reporters.JUnitReportReporter -->
<testsuite hostname="DESKTOP-9T08QN7" failures="0" tests="1" name="testCase.TC012_AddProductsInCart" time="53.752" errors="0" timestamp="2025-07-27T18:53:42 IST" skipped="0">
  <testcase classname="testCase.TC012_AddProductsInCart" name="VerifyAddProductsInCart" time="53.752"/>
  <system-out>
    <![CDATA[Navigating to baseURL: http://automationexercise.com
Home Page is displayed successfully]]>
  </system-out>
</testsuite> <!-- testCase.TC012_AddProductsInCart -->
