<?xml version="1.0" encoding="UTF-8"?>
<!-- Generated by org.testng.reporters.JUnitReportReporter -->
<testsuite hostname="DESKTOP-9T08QN7" failures="0" tests="1" name="testCase.TC006_ContactUsForm" time="30.231" errors="0" timestamp="2025-07-24T22:52:32 IST" skipped="0">
  <testcase classname="testCase.TC006_ContactUsForm" name="verifyContactUsForm" time="30.231"/>
  <system-out>
    <![CDATA[Navigating to baseURL: http://automationexercise.com
Home Page is displayed successfully
Clicked on 'Contact Us' button,
 Verified 'GET IN TOUCH' is visible
Entered name, email, subject and message,Upload file,Click 'Submit' button,Click OK button
 Verify success message 'Success! Your details have been submitted successfully.' is visible
Clicked 'Home' button and verify that landed to home page successfully]]>
  </system-out>
</testsuite> <!-- testCase.TC006_ContactUsForm -->
