<?xml version="1.0" encoding="UTF-8"?>
<!-- Generated by org.testng.reporters.JUnitReportReporter -->
<testsuite hostname="DESKTOP-9T08QN7" failures="0" tests="1" name="testCase.TC013_VerifyProductQuantityInCart" time="30.960" errors="0" timestamp="2025-07-27T19:34:11 IST" skipped="0">
  <testcase classname="testCase.TC013_VerifyProductQuantityInCart" name="VerifyProductQuantityInCart" time="30.960"/>
  <system-out>
    <![CDATA[Navigating to baseURL: http://automationexercise.com
Home Page is displayed successfully
Click 'View Product' for any product on home page, Verify product detail is opened
Increase quantity to 4, Click 'Add to cart' button, Click 'View Cart' button
Verified that product is displayed in cart page with exact quantity]]>
  </system-out>
</testsuite> <!-- testCase.TC013_VerifyProductQuantityInCart -->
