<?xml version="1.0" encoding="UTF-8"?>
<!-- Generated by org.testng.reporters.JUnitReportReporter -->
<testsuite hostname="DESKTOP-9T08QN7" failures="0" tests="1" name="testCase.TC008_VerifyAllProductsAndProductDetailPage" time="46.524" errors="0" timestamp="2025-07-25T12:55:46 IST" skipped="0">
  <testcase classname="testCase.TC008_VerifyAllProductsAndProductDetailPage" name="verifyContactUsForm" time="46.524"/>
  <system-out>
    <![CDATA[Navigating to baseURL: http://automationexercise.com
Home Page is displayed successfully
Click on 'Products' button,Verify user is navigated to ALL PRODUCTS page successfully
The products list is visible
Click on 'View Product' of first product, User is landed to product detail page
 Verified that detail is visible: product name, category, price, availability, condition, brand]]>
  </system-out>
</testsuite> <!-- testCase.TC008_VerifyAllProductsAndProductDetailPage -->
