<?xml version="1.0" encoding="UTF-8"?>
<!-- Generated by org.testng.reporters.JUnitReportReporter -->
<testsuite hostname="DESKTOP-9T08QN7" failures="0" tests="1" name="testCases.TC010_VerifySubscriptionInHomePage" time="8.320" errors="0" timestamp="2025-08-08T13:55:37 IST" skipped="0">
  <testcase classname="testCases.TC010_VerifySubscriptionInHomePage" name="VerifySubscriptionInHomePage" time="8.320"/>
  <system-out>
    <![CDATA[Navigating to baseURL: http://automationexercise.com
Home Page is displayed successfully
Scroll down to footer, Verify text 'SUBSCRIPTION'
Entered email address in input and click arrow button
Verify success message 'You have been successfully subscribed!' is visible]]>
  </system-out>
</testsuite> <!-- testCases.TC010_VerifySubscriptionInHomePage -->
