<?xml version="1.0" encoding="UTF-8"?>
<!-- Generated by org.testng.reporters.JUnitReportReporter -->
<testsuite hostname="DESKTOP-9T08QN7" failures="0" tests="1" name="testCases.TC017_RemoveProductsFromCart" time="21.518" errors="0" timestamp="2025-08-07T16:44:13 IST" skipped="0">
  <testcase classname="testCases.TC017_RemoveProductsFromCart" name="testRemoveProductsFromCart" time="21.518"/>
  <system-out>
    <![CDATA[Navigating to baseURL: http://automationexercise.com
Home Page is displayed successfully
Step 1-3: Navigate to home page and verified
Verified that cart page is displayed
Verified that product is removed from the cart]]>
  </system-out>
</testsuite> <!-- testCases.TC017_RemoveProductsFromCart -->
