<?xml version="1.0" encoding="UTF-8"?>
<!-- Generated by org.testng.reporters.JUnitReportReporter -->
<testsuite hostname="DESKTOP-9T08QN7" failures="0" tests="1" name="testCases.TC024_DownloadInvoiceAfterPurchaseOrder" time="97.900" errors="0" timestamp="2025-08-14T00:27:23 IST" skipped="0">
  <testcase classname="testCases.TC024_DownloadInvoiceAfterPurchaseOrder" name="testDownloadInvoiceAfterPurchaseOrder" time="97.900">
    <system-out>
      <![CDATA[Navigating to baseURL: http://automationexercise.com
Home Page is displayed successfully
Navigate to home page and verified
Add products to cart, Click 'Cart' button, Verified that cart page is displayed
'New User Signup!'- is visible,(Signup Page is opened Successfully)
Entered username: xQUqko
Entered Email: AKhUws@gmailvfCJ
Filled account details
Clicked on Create Account
'Acount created'- is visible
'LoggedInAs: xQUqko

Commented and navigated to payment page
Deleted the account and the HomePagedisplaced ]]>
    </system-out>
  </testcase> <!-- testDownloadInvoiceAfterPurchaseOrder -->
  <system-out>
    <![CDATA[Browser is Launched
Browser Window is maximized 
Navigating to baseURL: http://automationexercise.com
Home Page is displayed successfully
Navigate to home page and verified
Add products to cart, Click 'Cart' button, Verified that cart page is displayed
'New User Signup!'- is visible,(Signup Page is opened Successfully)
Entered username: xQUqko
Entered Email: AKhUws@gmailvfCJ
Filled account details
Clicked on Create Account
'Acount created'- is visible
'LoggedInAs: xQUqko

Commented and navigated to payment page
Deleted the account and the HomePagedisplaced ]]>
  </system-out>
</testsuite> <!-- testCases.TC024_DownloadInvoiceAfterPurchaseOrder -->
