<?xml version="1.0" encoding="UTF-8"?>
<!-- Generated by org.testng.reporters.JUnitReportReporter -->
<testsuite hostname="DESKTOP-9T08QN7" failures="0" tests="1" name="testCase.TC002_LoginUserWithCorrectEmailAndPassword" time="37.801" errors="0" timestamp="2025-07-24T18:40:38 IST" skipped="0">
  <testcase classname="testCase.TC002_LoginUserWithCorrectEmailAndPassword" name="verifyLoginUserWithCorrectEmailAndPasswordFlow" time="37.801"/>
  <system-out>
    <![CDATA[Navigating to baseURL: http://automationexercise.com
Home Page is displayed successfully
'Login to your account' is visible
Entered correct email address and password, Clicked 'login' button
Login page is displayed
Verified that 'Logged in as username' is visible and matched with user name
Clicked on 'Delete Account' button and Verified that 'ACCOUNT DELETED!' is visible
click on 'Continue'button after delete Account,and Account is deleted successfully]]>
  </system-out>
</testsuite> <!-- testCase.TC002_LoginUserWithCorrectEmailAndPassword -->
