<?xml version="1.0" encoding="UTF-8"?>
<!-- Generated by org.testng.reporters.JUnitReportReporter -->
<testsuite hostname="DESKTOP-9T08QN7" failures="0" tests="1" name="testCases.TC023_VerifyAddressDetailsInCheckoutPage" time="60.715" errors="0" timestamp="2025-08-14T00:29:13 IST" skipped="0">
  <testcase classname="testCases.TC023_VerifyAddressDetailsInCheckoutPage" name="testVerifyAddressDetailsInCheckoutPage" time="60.715">
    <system-out>
      <![CDATA[Navigating to baseURL: http://automationexercise.com
Home Page is displayed successfully
Navigate to home page and verified
'New User Signup!'- is visible,(Signup Page is opened Successfully)
Entered username: SCphLw
Entered Email: JKaKJg@gmailGoNe
Filled account details
Clicked on Create Account
'Acount created'- is visible
'LoggedInAs: SCphLw

Add products to cart, Click 'Cart' button, Verified that cart page is displayed
Verified that the delivery address is same address filled at the time registration of account
Verified that the billing address is same address filled at the time registration of account
Deleted the account and the HomePagedisplaced ]]>
    </system-out>
  </testcase> <!-- testVerifyAddressDetailsInCheckoutPage -->
  <system-out>
    <![CDATA[Browser is Launched
Browser Window is maximized 
Navigating to baseURL: http://automationexercise.com
Home Page is displayed successfully
Navigate to home page and verified
'New User Signup!'- is visible,(Signup Page is opened Successfully)
Entered username: SCphLw
Entered Email: JKaKJg@gmailGoNe
Filled account details
Clicked on Create Account
'Acount created'- is visible
'LoggedInAs: SCphLw

Add products to cart, Click 'Cart' button, Verified that cart page is displayed
Verified that the delivery address is same address filled at the time registration of account
Verified that the billing address is same address filled at the time registration of account
Deleted the account and the HomePagedisplaced ]]>
  </system-out>
</testsuite> <!-- testCases.TC023_VerifyAddressDetailsInCheckoutPage -->
