<?xml version="1.0" encoding="UTF-8"?>
<!-- Generated by org.testng.reporters.JUnitReportReporter -->
<testsuite hostname="DESKTOP-9T08QN7" failures="0" tests="1" name="testCase.TC004_LogoutUser" time="19.842" errors="0" timestamp="2025-07-24T16:04:30 IST" skipped="0">
  <testcase classname="testCase.TC004_LogoutUser" name="verifyLogoutUserFlow" time="19.842"/>
  <system-out>
    <![CDATA[Navigating to baseURL: http://automationexercise.com
Home Page is displayed successfully
'Login to your account' is visible
Entered correct email address and password, Clicked 'login' button
Login page is displayed
Verified that 'Logged in as username' is visible and matched with user name
Clicked 'Logout' button,
Verified that user is navigated to login page]]>
  </system-out>
</testsuite> <!-- testCase.TC004_LogoutUser -->
