<?xml version="1.0" encoding="UTF-8"?>
<!-- Generated by org.testng.reporters.JUnitReportReporter -->
<testsuite hostname="DESKTOP-9T08QN7" failures="0" tests="1" name="testCase.TC003_LoginUserIncorrectEmailAndPassword" time="13.897" errors="0" timestamp="2025-07-24T15:15:02 IST" skipped="0">
  <testcase classname="testCase.TC003_LoginUserIncorrectEmailAndPassword" name="verifyUserRegistrationFlow" time="13.897"/>
  <system-out>
    <![CDATA[Navigating to baseURL: http://automationexercise.com
Home Page is displayed successfully
'Login to your account' is visible
Entered incorrect email address and password, 
Clicked 'login' button
HomePage is displayed
Verified error 'Your email or password is incorrect!' is visible]]>
  </system-out>
</testsuite> <!-- testCase.TC003_LoginUserIncorrectEmailAndPassword -->
