<?xml version="1.0" encoding="UTF-8"?>
<!-- Generated by org.testng.reporters.JUnitReportReporter -->
<testsuite hostname="DESKTOP-9T08QN7" failures="0" tests="1" name="testCases.TC016_PlaceOrderLoginBeforeCheckout" time="32.103" errors="0" timestamp="2025-08-06T17:28:28 IST" skipped="0">
  <testcase classname="testCases.TC016_PlaceOrderLoginBeforeCheckout" name="testPlaceOrderLoginBeforeCheckout" time="32.103"/>
  <system-out>
    <![CDATA[Navigating to baseURL: http://automationexercise.com
Home Page is displayed successfully
Step 1-3: Navigate to home page and verified
Verified 'Logged in as username' at top
Verified that cart page is displayed]]>
  </system-out>
</testsuite> <!-- testCases.TC016_PlaceOrderLoginBeforeCheckout -->
