<?xml version="1.0" encoding="UTF-8"?>
<!-- Generated by org.testng.reporters.JUnitReportReporter -->
<testsuite hostname="DESKTOP-9T08QN7" failures="0" tests="1" name="testCases.TC019_ViewAndCartBrandProducts" time="28.987" errors="0" timestamp="2025-08-09T23:57:03 IST" skipped="0">
  <testcase classname="testCases.TC019_ViewAndCartBrandProducts" name="testViewAndCartBrandProducts" time="28.987"/>
  <system-out>
    <![CDATA[Navigating to baseURL: http://automationexercise.com
Home Page is displayed successfully
Step 1-3: Navigate to home page and verified
product Page is displayed successfully
Verified that Brands are visible on left side bar
 Verified that user is navigated to brand page and brand products are displayed]]>
  </system-out>
</testsuite> <!-- testCases.TC019_ViewAndCartBrandProducts -->
