<?xml version="1.0" encoding="UTF-8"?>
<!-- Generated by org.testng.reporters.JUnitReportReporter -->
<testsuite hostname="DESKTOP-9T08QN7" failures="0" tests="2" name="testCase.TC001_RegisterUser" time="62.756" errors="0" timestamp="2025-07-19T16:26:59 IST" skipped="0">
  <testcase classname="testCase.TC001_RegisterUser" name="VerifyHomePage" time="1.645"/>
  <system-out>
    <![CDATA[Navigating to baseUrl: http://automationexercise.com
HomePage is displayed successfully]]>
  </system-out>
  <testcase classname="testCase.TC001_RegisterUser" name="verifySignuRegistration" time="61.111"/>
  <system-out>
    <![CDATA[Clicked on Signup link
'New User Signup!'- is visible
Entered username
Entered Email
clicked on Signup
Signup Page is displayed successfully
'ENTER ACCOUNT INFORMATION' is visible
Filled account details
Clicked on Create Account
entered all information and clicked on submit
'Acount created'- is visible
click on continue
'LoggedInAs(userName)
click on deleteAccount
click on continue]]>
  </system-out>
</testsuite> <!-- testCase.TC001_RegisterUser -->
