<?xml version="1.0" encoding="UTF-8"?>
<!-- Generated by org.testng.reporters.JUnitReportReporter -->
<testsuite hostname="DESKTOP-9T08QN7" failures="0" tests="1" name="testCase.TC005_RegisterUserWithExistingEmail" time="21.088" errors="0" timestamp="2025-07-24T17:06:06 IST" skipped="0">
  <testcase classname="testCase.TC005_RegisterUserWithExistingEmail" name="verifyRegisterUserWithExistingEmailFlow" time="21.088"/>
  <system-out>
    <![CDATA[Navigating to baseURL: http://automationexercise.com
Home Page is displayed successfully
'New User Signup!' is visible
Entered name and already registered email address,Clicked 'Signup' button
Verified error 'Email Address already exist!' is visible]]>
  </system-out>
</testsuite> <!-- testCase.TC005_RegisterUserWithExistingEmail -->
