<?xml version="1.0" encoding="UTF-8"?>
<!-- Generated by org.testng.reporters.JUnitReportReporter -->
<testsuite hostname="DESKTOP-9T08QN7" failures="0" tests="1" name="testCase.TC001_chatGPTimproving" time="51.827" errors="0" timestamp="2025-07-19T17:35:01 IST" skipped="0">
  <testcase classname="testCase.TC001_chatGPTimproving" name="verifyUserRegistrationFlow" time="51.827"/>
  <system-out>
    <![CDATA[Navigating to baseURL: http://automationexercise.com
Home Page is displayed successfully
'New User Signup!' is visible
Signup form submitted
'ENTER ACCOUNT INFORMATION' is visible
Filled account details
Clicked on Create Account
'ACCOUNT CREATED!' is visible
Clicked on Continue
User is logged in as User1
Clicked on Delete Account
'ACCOUNT DELETED!' is visible
Clicked on Continue after deletion
Returned to Home Page successfully]]>
  </system-out>
</testsuite> <!-- testCase.TC001_chatGPTimproving -->
